2017-08-12 23:40:36 [scrapy] DEBUG: Crawled (404) <GET http://quotes.toscrape.com/robots.txt> (referer: None)
2017-08-12 23:40:36 [scrapy] DEBUG: Crawled (200) <GET http://quotes.toscrape.com/> (referer: None)
2017-08-12 23:40:36 [scrapy] DEBUG: Scraped from <200 http://quotes.toscrape.com/>
{'author': 'Albert Einstein',
 'tags': ['change', 'deep-thoughts', 'thinking', 'world'],
 'text': '“The world as we have created it is a process of o...'}
2017-08-12 23:40:36 [scrapy] DEBUG: Scraped from <200 http://quotes.toscrape.com/>
{'author': 'J.K. Rowling',
 'tags': ['abilities', 'choices'],
 'text': '“It is our choices, Harry, that show what we truly...'}
2017-08-12 23:40:36 [scrapy] DEBUG: Scraped from <200 http://quotes.toscrape.com/>
{'author': 'Albert Einstein',
 'tags': ['inspirational', 'life', 'live', 'miracle', 'miracles'],
 'text': '“There are only two ways to live your life. One is...'}
2017-08-12 23:40:36 [scrapy] DEBUG: Scraped from <200 http://quotes.toscrape.com/>
{'author': 'Jane Austen',
 'tags': ['aliteracy', 'books', 'classic', 'humor'],
 'text': '“The person, be it gentleman or lady, who has not...'}
2017-08-12 23:40:36 [scrapy] DEBUG: Scraped from <200 http://quotes.toscrape.com/>
{'author': 'Marilyn Monroe',
 'tags': ['be-yourself', 'inspirational'],
 'text': "“Imperfection is beauty, madness is genius and it'..."}
2017-08-12 23:40:36 [scrapy] DEBUG: Scraped from <200 http://quotes.toscrape.com/>
{'author': 'Albert Einstein',
 'tags': ['adulthood', 'success', 'value'],
 'text': '“Try not to become a man of success. Rather become...'}
2017-08-12 23:40:36 [scrapy] DEBUG: Scraped from <200 http://quotes.toscrape.com/>
{'author': 'André Gide',
 'tags': ['life', 'love'],
 'text': '“It is better to be hated for what you are than to...'}
2017-08-12 23:40:36 [scrapy] DEBUG: Scraped from <200 http://quotes.toscrape.com/>
{'author': 'Thomas A. Edison',
 'tags': ['edison', 'failure', 'inspirational', 'paraphrased'],
 'text': "“I have not failed. I've just found 10,000 ways th..."}
2017-08-12 23:40:36 [scrapy] DEBUG: Scraped from <200 http://quotes.toscrape.com/>
{'author': 'Eleanor Roosevelt',
 'tags': ['misattributed-eleanor-roosevelt'],
 'text': '“A woman is like a tea bag; you never know how str...'}
2017-08-12 23:40:36 [scrapy] DEBUG: Scraped from <200 http://quotes.toscrape.com/>
{'author': 'Steve Martin',
 'tags': ['humor', 'obvious', 'simile'],
 'text': '“A day without sunshine is like, you know, night.”'}
2017-08-12 23:40:37 [scrapy] DEBUG: Crawled (200) <GET http://quotes.toscrape.com/page/2/> (referer: http://quotes.toscrape.com/)
2017-08-12 23:40:37 [scrapy] DEBUG: Scraped from <200 http://quotes.toscrape.com/page/2/>
{'author': 'Marilyn Monroe',
 'tags': ['friends', 'heartbreak', 'inspirational', 'life', 'love', 'sisters'],
 'text': '“This life is what you make it. No matter what, yo...'}
2017-08-12 23:40:37 [scrapy] DEBUG: Scraped from <200 http://quotes.toscrape.com/page/2/>
{'author': 'J.K. Rowling',
 'tags': ['courage', 'friends'],
 'text': '“It takes a great deal of bravery to stand up to o...'}
2017-08-12 23:40:37 [scrapy] DEBUG: Scraped from <200 http://quotes.toscrape.com/page/2/>
{'author': 'Albert Einstein',
 'tags': ['simplicity', 'understand'],
 'text': "“If you can't explain it to a six year old, you do..."}
2017-08-12 23:40:37 [scrapy] DEBUG: Scraped from <200 http://quotes.toscrape.com/page/2/>
{'author': 'Bob Marley',
 'tags': ['love'],
 'text': '“You may not be her first, her last, or her only....'}
2017-08-12 23:40:37 [scrapy] DEBUG: Scraped from <200 http://quotes.toscrape.com/page/2/>
{'author': 'Dr. Seuss',
 'tags': ['fantasy'],
 'text': '“I like nonsense, it wakes up the brain cells. Fan...'}
2017-08-12 23:40:37 [scrapy] DEBUG: Scraped from <200 http://quotes.toscrape.com/page/2/>
{'author': 'Douglas Adams',
 'tags': ['life', 'navigation'],
 'text': '“I may not have gone where I intended to go, but I...'}
2017-08-12 23:40:37 [scrapy] DEBUG: Scraped from <200 http://quotes.toscrape.com/page/2/>
{'author': 'Elie Wiesel',
 'tags': ['activism',
          'apathy',
          'hate',
          'indifference',
          'inspirational',
          'love',
          'opposite',
          'philosophy'],
 'text': "“The opposite of love is not hate, it's indifferen..."}
2017-08-12 23:40:37 [scrapy] DEBUG: Scraped from <200 http://quotes.toscrape.com/page/2/>
{'author': 'Friedrich Nietzsche',
 'tags': ['friendship',
          'lack-of-friendship',
          'lack-of-love',
          'love',
          'marriage',
          'unhappy-marriage'],
 'text': '“It is not a lack of love, but a lack of friendshi...'}
2017-08-12 23:40:37 [scrapy] DEBUG: Scraped from <200 http://quotes.toscrape.com/page/2/>
{'author': 'Mark Twain',
 'tags': ['books', 'contentment', 'friends', 'friendship', 'life'],
 'text': '“Good friends, good books, and a sleepy conscience...'}
2017-08-12 23:40:37 [scrapy] DEBUG: Scraped from <200 http://quotes.toscrape.com/page/2/>
{'author': 'Allen Saunders',
 'tags': ['fate', 'life', 'misattributed-john-lennon', 'planning', 'plans'],
 'text': '“Life is what happens to us while we are making ot...'}
2017-08-12 23:40:37 [scrapy] INFO: Closing spider (stop generating requests, only 2 requests allowed)
2017-08-12 23:40:37 [scrapy] INFO: Dumping Scrapy stats:
{'downloader/request_bytes': 749,
 'downloader/request_count': 3,
 'downloader/request_method_count/GET': 3,
 'downloader/response_bytes': 5976,
 'downloader/response_count': 3,
 'downloader/response_status_count/200': 2,
 'downloader/response_status_count/404': 1,
 'finish_reason': 'stop generating requests, only 2 requests allowed',
 'finish_time': datetime.datetime(2017, 8, 12, 15, 40, 37, 300648),
 'item_scraped_count': 20,
 'log_count/DEBUG': 23,
 'log_count/INFO': 6,
 'memusage/max': 58470400,
 'memusage/startup': 58470400,
 'request_depth_max': 2,
 'response_received_count': 3,
 'scheduler/dequeued': 2,
 'scheduler/dequeued/memory': 2,
 'scheduler/enqueued': 3,
 'scheduler/enqueued/memory': 3,
 'start_time': datetime.datetime(2017, 8, 12, 15, 40, 36, 268856)}
2017-08-12 23:40:37 [scrapy] INFO: Spider closed (stop generating requests, only 2 requests allowed)
